{"D:\\Projects\\homework\\nodejs-homework-rest-api\\Controlers\\auth.js": {"path":"D:\\Projects\\homework\\nodejs-homework-rest-api\\Controlers\\auth.js","statementMap":{"0":{"start":{"line":1,"column":20},"end":{"line":1,"column":55}},"1":{"start":{"line":2,"column":21},"end":{"line":2,"column":57}},"2":{"start":{"line":3,"column":33},"end":{"line":3,"column":67}},"3":{"start":{"line":4,"column":20},"end":{"line":4,"column":50}},"4":{"start":{"line":6,"column":17},"end":{"line":15,"column":1}},"5":{"start":{"line":7,"column":2},"end":{"line":14,"column":3}},"6":{"start":{"line":9,"column":6},"end":{"line":9,"column":46}},"7":{"start":{"line":10,"column":4},"end":{"line":10,"column":59}},"8":{"start":{"line":11,"column":4},"end":{"line":11,"column":78}},"9":{"start":{"line":13,"column":4},"end":{"line":13,"column":16}},"10":{"start":{"line":16,"column":21},"end":{"line":30,"column":1}},"11":{"start":{"line":17,"column":2},"end":{"line":29,"column":3}},"12":{"start":{"line":18,"column":34},"end":{"line":18,"column":44}},"13":{"start":{"line":19,"column":17},"end":{"line":19,"column":54}},"14":{"start":{"line":20,"column":4},"end":{"line":22,"column":5}},"15":{"start":{"line":21,"column":6},"end":{"line":21,"column":47}},"16":{"start":{"line":24,"column":4},"end":{"line":24,"column":74}},"17":{"start":{"line":26,"column":4},"end":{"line":26,"column":72}},"18":{"start":{"line":28,"column":4},"end":{"line":28,"column":16}},"19":{"start":{"line":32,"column":20},"end":{"line":47,"column":1}},"20":{"start":{"line":33,"column":2},"end":{"line":46,"column":3}},"21":{"start":{"line":34,"column":22},"end":{"line":34,"column":30}},"22":{"start":{"line":35,"column":17},"end":{"line":35,"column":42}},"23":{"start":{"line":36,"column":4},"end":{"line":38,"column":5}},"24":{"start":{"line":37,"column":6},"end":{"line":37,"column":47}},"25":{"start":{"line":39,"column":4},"end":{"line":41,"column":5}},"26":{"start":{"line":40,"column":6},"end":{"line":40,"column":69}},"27":{"start":{"line":42,"column":4},"end":{"line":42,"column":56}},"28":{"start":{"line":43,"column":4},"end":{"line":43,"column":65}},"29":{"start":{"line":45,"column":4},"end":{"line":45,"column":16}},"30":{"start":{"line":49,"column":14},"end":{"line":61,"column":1}},"31":{"start":{"line":50,"column":2},"end":{"line":60,"column":3}},"32":{"start":{"line":52,"column":6},"end":{"line":52,"column":43}},"33":{"start":{"line":53,"column":4},"end":{"line":57,"column":7}},"34":{"start":{"line":59,"column":4},"end":{"line":59,"column":16}},"35":{"start":{"line":63,"column":19},"end":{"line":70,"column":1}},"36":{"start":{"line":64,"column":2},"end":{"line":69,"column":3}},"37":{"start":{"line":65,"column":4},"end":{"line":65,"column":47}},"38":{"start":{"line":66,"column":4},"end":{"line":66,"column":24}},"39":{"start":{"line":68,"column":4},"end":{"line":68,"column":16}},"40":{"start":{"line":72,"column":20},"end":{"line":79,"column":1}},"41":{"start":{"line":73,"column":2},"end":{"line":78,"column":3}},"42":{"start":{"line":74,"column":36},"end":{"line":74,"column":44}},"43":{"start":{"line":75,"column":4},"end":{"line":75,"column":60}},"44":{"start":{"line":77,"column":4},"end":{"line":77,"column":16}},"45":{"start":{"line":81,"column":27},"end":{"line":92,"column":1}},"46":{"start":{"line":82,"column":2},"end":{"line":91,"column":3}},"47":{"start":{"line":83,"column":20},"end":{"line":83,"column":28}},"48":{"start":{"line":84,"column":29},"end":{"line":84,"column":37}},"49":{"start":{"line":85,"column":19},"end":{"line":85,"column":74}},"50":{"start":{"line":86,"column":4},"end":{"line":88,"column":7}},"51":{"start":{"line":90,"column":4},"end":{"line":90,"column":16}},"52":{"start":{"line":94,"column":0},"end":{"line":102,"column":2}}},"fnMap":{"0":{"name":"(anonymous_0)","decl":{"start":{"line":6,"column":17},"end":{"line":6,"column":18}},"loc":{"start":{"line":6,"column":43},"end":{"line":15,"column":1}},"line":6},"1":{"name":"(anonymous_1)","decl":{"start":{"line":16,"column":21},"end":{"line":16,"column":22}},"loc":{"start":{"line":16,"column":47},"end":{"line":30,"column":1}},"line":16},"2":{"name":"(anonymous_2)","decl":{"start":{"line":32,"column":20},"end":{"line":32,"column":21}},"loc":{"start":{"line":32,"column":46},"end":{"line":47,"column":1}},"line":32},"3":{"name":"(anonymous_3)","decl":{"start":{"line":49,"column":14},"end":{"line":49,"column":15}},"loc":{"start":{"line":49,"column":40},"end":{"line":61,"column":1}},"line":49},"4":{"name":"(anonymous_4)","decl":{"start":{"line":63,"column":19},"end":{"line":63,"column":20}},"loc":{"start":{"line":63,"column":45},"end":{"line":70,"column":1}},"line":63},"5":{"name":"(anonymous_5)","decl":{"start":{"line":72,"column":20},"end":{"line":72,"column":21}},"loc":{"start":{"line":72,"column":46},"end":{"line":79,"column":1}},"line":72},"6":{"name":"(anonymous_6)","decl":{"start":{"line":81,"column":27},"end":{"line":81,"column":28}},"loc":{"start":{"line":81,"column":53},"end":{"line":92,"column":1}},"line":81}},"branchMap":{"0":{"loc":{"start":{"line":20,"column":4},"end":{"line":22,"column":5}},"type":"if","locations":[{"start":{"line":20,"column":4},"end":{"line":22,"column":5}},{"start":{},"end":{}}],"line":20},"1":{"loc":{"start":{"line":36,"column":4},"end":{"line":38,"column":5}},"type":"if","locations":[{"start":{"line":36,"column":4},"end":{"line":38,"column":5}},{"start":{},"end":{}}],"line":36},"2":{"loc":{"start":{"line":39,"column":4},"end":{"line":41,"column":5}},"type":"if","locations":[{"start":{"line":39,"column":4},"end":{"line":41,"column":5}},{"start":{},"end":{}}],"line":39}},"s":{"0":1,"1":1,"2":1,"3":1,"4":1,"5":3,"6":3,"7":2,"8":1,"9":2,"10":1,"11":0,"12":0,"13":0,"14":0,"15":0,"16":0,"17":0,"18":0,"19":1,"20":0,"21":0,"22":0,"23":0,"24":0,"25":0,"26":0,"27":0,"28":0,"29":0,"30":1,"31":2,"32":2,"33":1,"34":1,"35":1,"36":0,"37":0,"38":0,"39":0,"40":1,"41":0,"42":0,"43":0,"44":0,"45":1,"46":0,"47":0,"48":0,"49":0,"50":0,"51":0,"52":1},"f":{"0":3,"1":0,"2":0,"3":2,"4":0,"5":0,"6":0},"b":{"0":[0,0],"1":[0,0],"2":[0,0]},"_coverageSchema":"1a1c01bbd47fc00a2c39e90264f33305004495a9","hash":"a1b5aa006805a912562042b3acc2464aabc10e6d"}
,"D:\\Projects\\homework\\nodejs-homework-rest-api\\Services\\auth.service.js": {"path":"D:\\Projects\\homework\\nodejs-homework-rest-api\\Services\\auth.service.js","statementMap":{"0":{"start":{"line":1,"column":18},"end":{"line":1,"column":49}},"1":{"start":{"line":2,"column":20},"end":{"line":2,"column":50}},"2":{"start":{"line":3,"column":12},"end":{"line":3,"column":35}},"3":{"start":{"line":4,"column":0},"end":{"line":4,"column":27}},"4":{"start":{"line":5,"column":23},"end":{"line":5,"column":34}},"5":{"start":{"line":7,"column":21},"end":{"line":19,"column":1}},"6":{"start":{"line":8,"column":30},"end":{"line":8,"column":38}},"7":{"start":{"line":9,"column":17},"end":{"line":9,"column":47}},"8":{"start":{"line":10,"column":2},"end":{"line":12,"column":3}},"9":{"start":{"line":11,"column":4},"end":{"line":11,"column":43}},"10":{"start":{"line":14,"column":18},"end":{"line":14,"column":38}},"11":{"start":{"line":15,"column":2},"end":{"line":15,"column":38}},"12":{"start":{"line":16,"column":15},"end":{"line":16,"column":29}},"13":{"start":{"line":18,"column":2},"end":{"line":18,"column":14}},"14":{"start":{"line":21,"column":18},"end":{"line":41,"column":1}},"15":{"start":{"line":22,"column":15},"end":{"line":22,"column":45}},"16":{"start":{"line":24,"column":2},"end":{"line":26,"column":3}},"17":{"start":{"line":25,"column":4},"end":{"line":25,"column":56}},"18":{"start":{"line":28,"column":2},"end":{"line":30,"column":3}},"19":{"start":{"line":29,"column":4},"end":{"line":29,"column":57}},"20":{"start":{"line":32,"column":18},"end":{"line":34,"column":3}},"21":{"start":{"line":36,"column":16},"end":{"line":36,"column":66}},"22":{"start":{"line":37,"column":2},"end":{"line":37,"column":21}},"23":{"start":{"line":38,"column":2},"end":{"line":38,"column":20}},"24":{"start":{"line":40,"column":2},"end":{"line":40,"column":14}},"25":{"start":{"line":43,"column":19},"end":{"line":45,"column":1}},"26":{"start":{"line":44,"column":2},"end":{"line":44,"column":53}},"27":{"start":{"line":47,"column":25},"end":{"line":54,"column":1}},"28":{"start":{"line":48,"column":2},"end":{"line":53,"column":3}},"29":{"start":{"line":49,"column":19},"end":{"line":49,"column":48}},"30":{"start":{"line":50,"column":4},"end":{"line":50,"column":36}},"31":{"start":{"line":52,"column":4},"end":{"line":52,"column":16}},"32":{"start":{"line":56,"column":27},"end":{"line":58,"column":1}},"33":{"start":{"line":57,"column":2},"end":{"line":57,"column":70}},"34":{"start":{"line":60,"column":0},"end":{"line":66,"column":2}}},"fnMap":{"0":{"name":"(anonymous_0)","decl":{"start":{"line":7,"column":21},"end":{"line":7,"column":22}},"loc":{"start":{"line":7,"column":41},"end":{"line":19,"column":1}},"line":7},"1":{"name":"(anonymous_1)","decl":{"start":{"line":21,"column":18},"end":{"line":21,"column":19}},"loc":{"start":{"line":21,"column":49},"end":{"line":41,"column":1}},"line":21},"2":{"name":"(anonymous_2)","decl":{"start":{"line":43,"column":19},"end":{"line":43,"column":20}},"loc":{"start":{"line":43,"column":33},"end":{"line":45,"column":1}},"line":43},"3":{"name":"(anonymous_3)","decl":{"start":{"line":47,"column":25},"end":{"line":47,"column":26}},"loc":{"start":{"line":47,"column":42},"end":{"line":54,"column":1}},"line":47},"4":{"name":"(anonymous_4)","decl":{"start":{"line":56,"column":27},"end":{"line":56,"column":28}},"loc":{"start":{"line":56,"column":55},"end":{"line":58,"column":1}},"line":56}},"branchMap":{"0":{"loc":{"start":{"line":10,"column":2},"end":{"line":12,"column":3}},"type":"if","locations":[{"start":{"line":10,"column":2},"end":{"line":12,"column":3}},{"start":{},"end":{}}],"line":10},"1":{"loc":{"start":{"line":24,"column":2},"end":{"line":26,"column":3}},"type":"if","locations":[{"start":{"line":24,"column":2},"end":{"line":26,"column":3}},{"start":{},"end":{}}],"line":24},"2":{"loc":{"start":{"line":24,"column":6},"end":{"line":24,"column":26}},"type":"binary-expr","locations":[{"start":{"line":24,"column":6},"end":{"line":24,"column":10}},{"start":{"line":24,"column":14},"end":{"line":24,"column":26}}],"line":24},"3":{"loc":{"start":{"line":28,"column":2},"end":{"line":30,"column":3}},"type":"if","locations":[{"start":{"line":28,"column":2},"end":{"line":30,"column":3}},{"start":{},"end":{}}],"line":28},"4":{"loc":{"start":{"line":28,"column":6},"end":{"line":28,"column":54}},"type":"binary-expr","locations":[{"start":{"line":28,"column":6},"end":{"line":28,"column":11}},{"start":{"line":28,"column":15},"end":{"line":28,"column":54}}],"line":28}},"s":{"0":1,"1":1,"2":1,"3":1,"4":1,"5":1,"6":0,"7":0,"8":0,"9":0,"10":0,"11":0,"12":0,"13":0,"14":1,"15":0,"16":0,"17":0,"18":0,"19":0,"20":0,"21":0,"22":0,"23":0,"24":0,"25":1,"26":0,"27":1,"28":0,"29":0,"30":0,"31":0,"32":1,"33":0,"34":1},"f":{"0":0,"1":0,"2":0,"3":0,"4":0},"b":{"0":[0,0],"1":[0,0],"2":[0,0],"3":[0,0],"4":[0,0]},"_coverageSchema":"1a1c01bbd47fc00a2c39e90264f33305004495a9","hash":"ef5c5b9bee1c917a44a7dd0b2f024c28cdd56f29"}
,"D:\\Projects\\homework\\nodejs-homework-rest-api\\Services\\email.service.js": {"path":"D:\\Projects\\homework\\nodejs-homework-rest-api\\Services\\email.service.js","statementMap":{"0":{"start":{"line":1,"column":19},"end":{"line":1,"column":40}},"1":{"start":{"line":3,"column":0},"end":{"line":3,"column":27}},"2":{"start":{"line":4,"column":38},"end":{"line":4,"column":49}},"3":{"start":{"line":6,"column":15},"end":{"line":12,"column":1}},"4":{"start":{"line":14,"column":20},"end":{"line":14,"column":54}},"5":{"start":{"line":15,"column":17},"end":{"line":15,"column":47}},"6":{"start":{"line":17,"column":18},"end":{"line":31,"column":1}},"7":{"start":{"line":18,"column":15},"end":{"line":18,"column":49}},"8":{"start":{"line":19,"column":23},"end":{"line":24,"column":3}},"9":{"start":{"line":26,"column":2},"end":{"line":30,"column":3}},"10":{"start":{"line":27,"column":4},"end":{"line":27,"column":45}},"11":{"start":{"line":29,"column":4},"end":{"line":29,"column":16}},"12":{"start":{"line":33,"column":0},"end":{"line":33,"column":31}}},"fnMap":{"0":{"name":"(anonymous_0)","decl":{"start":{"line":17,"column":18},"end":{"line":17,"column":19}},"loc":{"start":{"line":17,"column":45},"end":{"line":31,"column":1}},"line":17}},"branchMap":{},"s":{"0":1,"1":1,"2":1,"3":1,"4":1,"5":1,"6":1,"7":0,"8":0,"9":0,"10":0,"11":0,"12":1},"f":{"0":0},"b":{},"_coverageSchema":"1a1c01bbd47fc00a2c39e90264f33305004495a9","hash":"1da7afd5d54186eab7d129dfd40e031e45c71b7d"}
,"D:\\Projects\\homework\\nodejs-homework-rest-api\\Services\\userService.js": {"path":"D:\\Projects\\homework\\nodejs-homework-rest-api\\Services\\userService.js","statementMap":{"0":{"start":{"line":1,"column":18},"end":{"line":1,"column":49}},"1":{"start":{"line":3,"column":19},"end":{"line":6,"column":1}},"2":{"start":{"line":4,"column":15},"end":{"line":4,"column":63}},"3":{"start":{"line":5,"column":2},"end":{"line":5,"column":14}},"4":{"start":{"line":8,"column":17},"end":{"line":10,"column":1}},"5":{"start":{"line":9,"column":2},"end":{"line":9,"column":32}},"6":{"start":{"line":12,"column":0},"end":{"line":12,"column":42}}},"fnMap":{"0":{"name":"(anonymous_0)","decl":{"start":{"line":3,"column":19},"end":{"line":3,"column":20}},"loc":{"start":{"line":3,"column":39},"end":{"line":6,"column":1}},"line":3},"1":{"name":"(anonymous_1)","decl":{"start":{"line":8,"column":17},"end":{"line":8,"column":18}},"loc":{"start":{"line":8,"column":36},"end":{"line":10,"column":1}},"line":8}},"branchMap":{},"s":{"0":1,"1":1,"2":0,"3":0,"4":1,"5":0,"6":1},"f":{"0":0,"1":0},"b":{},"_coverageSchema":"1a1c01bbd47fc00a2c39e90264f33305004495a9","hash":"70a6dc1bb52672f8dc2c16b7f2fa9a9e42f2855b"}
,"D:\\Projects\\homework\\nodejs-homework-rest-api\\models\\userSchema.js": {"path":"D:\\Projects\\homework\\nodejs-homework-rest-api\\models\\userSchema.js","statementMap":{"0":{"start":{"line":1,"column":26},"end":{"line":1,"column":45}},"1":{"start":{"line":2,"column":15},"end":{"line":2,"column":34}},"2":{"start":{"line":3,"column":17},"end":{"line":3,"column":36}},"3":{"start":{"line":4,"column":15},"end":{"line":4,"column":30}},"4":{"start":{"line":6,"column":19},"end":{"line":47,"column":1}},"5":{"start":{"line":29,"column":8},"end":{"line":32,"column":11}},"6":{"start":{"line":42,"column":8},"end":{"line":42,"column":20}},"7":{"start":{"line":49,"column":0},"end":{"line":51,"column":2}},"8":{"start":{"line":50,"column":2},"end":{"line":50,"column":50}},"9":{"start":{"line":52,"column":0},"end":{"line":54,"column":2}},"10":{"start":{"line":53,"column":2},"end":{"line":53,"column":49}},"11":{"start":{"line":56,"column":14},"end":{"line":56,"column":39}},"12":{"start":{"line":58,"column":0},"end":{"line":58,"column":27}}},"fnMap":{"0":{"name":"(anonymous_0)","decl":{"start":{"line":28,"column":15},"end":{"line":28,"column":16}},"loc":{"start":{"line":28,"column":21},"end":{"line":33,"column":7}},"line":28},"1":{"name":"(anonymous_1)","decl":{"start":{"line":41,"column":15},"end":{"line":41,"column":16}},"loc":{"start":{"line":41,"column":27},"end":{"line":43,"column":7}},"line":41},"2":{"name":"(anonymous_2)","decl":{"start":{"line":49,"column":33},"end":{"line":49,"column":34}},"loc":{"start":{"line":49,"column":59},"end":{"line":51,"column":1}},"line":49},"3":{"name":"(anonymous_3)","decl":{"start":{"line":52,"column":37},"end":{"line":52,"column":38}},"loc":{"start":{"line":52,"column":63},"end":{"line":54,"column":1}},"line":52}},"branchMap":{},"s":{"0":1,"1":1,"2":1,"3":1,"4":1,"5":0,"6":0,"7":1,"8":0,"9":1,"10":0,"11":1,"12":1},"f":{"0":0,"1":0,"2":0,"3":0},"b":{},"_coverageSchema":"1a1c01bbd47fc00a2c39e90264f33305004495a9","hash":"8e9677ebb55cc6bf9417e3fb8314405ae8a0aeae"}
,"D:\\Projects\\homework\\nodejs-homework-rest-api\\routes\\api\\error.js": {"path":"D:\\Projects\\homework\\nodejs-homework-rest-api\\routes\\api\\error.js","statementMap":{"0":{"start":{"line":1,"column":0},"end":{"line":6,"column":2}},"1":{"start":{"line":2,"column":16},"end":{"line":2,"column":27}},"2":{"start":{"line":3,"column":2},"end":{"line":3,"column":24}},"3":{"start":{"line":4,"column":2},"end":{"line":4,"column":26}},"4":{"start":{"line":5,"column":2},"end":{"line":5,"column":15}}},"fnMap":{"0":{"name":"(anonymous_0)","decl":{"start":{"line":1,"column":17},"end":{"line":1,"column":18}},"loc":{"start":{"line":1,"column":38},"end":{"line":6,"column":1}},"line":1}},"branchMap":{},"s":{"0":1,"1":0,"2":0,"3":0,"4":0},"f":{"0":0},"b":{},"_coverageSchema":"1a1c01bbd47fc00a2c39e90264f33305004495a9","hash":"dc0993fb68ce3e68796ace2d77ec1f879b16500e"}
}
